<?xml version="1.0" encoding="UTF-8"?>
<testng-results ignored="0" total="1" passed="1" failed="0" skipped="0">
  <reporter-output>
  </reporter-output>
  <suite started-at="2024-09-29T18:05:38 IST" name="Default suite" finished-at="2024-09-29T18:05:42 IST" duration-ms="4312">
    <groups>
    </groups>
    <test started-at="2024-09-29T18:05:38 IST" name="Default test" finished-at="2024-09-29T18:05:42 IST" duration-ms="4312">
      <class name="Katalon.TestFillForm">
        <test-method is-config="true" signature="navigate()[pri:0, instance:Katalon.TestFillForm@1a78dacd]" started-at="2024-09-29T18:05:38 IST" name="navigate" finished-at="2024-09-29T18:05:40 IST" duration-ms="2111" status="PASS">
          <reporter-output>
          </reporter-output>
        </test-method> <!-- navigate -->
        <test-method signature="run2()[pri:0, instance:Katalon.TestFillForm@1a78dacd]" started-at="2024-09-29T18:05:40 IST" name="run2" finished-at="2024-09-29T18:05:42 IST" duration-ms="2008" status="PASS">
          <reporter-output>
          </reporter-output>
        </test-method> <!-- run2 -->
        <test-method is-config="true" signature="close()[pri:0, instance:Katalon.TestFillForm@1a78dacd]" started-at="2024-09-29T18:05:42 IST" name="close" finished-at="2024-09-29T18:05:42 IST" duration-ms="161" status="PASS">
          <reporter-output>
          </reporter-output>
        </test-method> <!-- close -->
      </class> <!-- Katalon.TestFillForm -->
    </test> <!-- Default test -->
  </suite> <!-- Default suite -->
</testng-results>
